> Task :client:compileJava
> Task :client:processResources
> Task :client:classes
> Task :client:jar

> Task :client:generateResourcesConfigFile
[native-image-plugin] Resources configuration written into /home/tcronin/src/springBootAdmin/client/build/native/generated/generateResourcesConfigFile/resource-config.json

> Task :client:nativeCompile
[native-image-plugin] GraalVM Toolchain detection is enabled
[native-image-plugin] GraalVM uses toolchain detection. Selected:
[native-image-plugin]    - language version: 11
[native-image-plugin]    - vendor: GraalVM Community
[native-image-plugin]    - runtime version: 11.0.17+8-jvmci-22.3-b08
[native-image-plugin] Native Image executable path: /home/tcronin/.sdkman/candidates/java/22.3.r11-grl/lib/svm/bin/native-image
[2m========================================================================================================================[0m
[1;34m]8;;https://www.graalvm.org/native-image/\GraalVM Native Image]8;;\[0m: Generating '[1mtecClient[0m' (]8;;https://github.com/oracle/graal/blob/master/docs/reference-manual/native-image/BuildOutput.md#glossary-imagekind\executable]8;;\)...
[2m========================================================================================================================[0m
[0;34m[1/7] [0m[1;34m]8;;https://github.com/oracle/graal/blob/master/docs/reference-manual/native-image/BuildOutput.md#stage-initializing\Initializing]8;;\...[0m                                                                                    [2m(8.5s @ 0.40GB)[0m
 ]8;;https://github.com/oracle/graal/blob/master/docs/reference-manual/native-image/BuildOutput.md#glossary-version-info\Version info]8;;\: 'GraalVM 22.3.0 Java 11 CE'
 ]8;;https://github.com/oracle/graal/blob/master/docs/reference-manual/native-image/BuildOutput.md#glossary-java-version-info\Java version info]8;;\: '11.0.17+8-jvmci-22.3-b08'
 ]8;;https://github.com/oracle/graal/blob/master/docs/reference-manual/native-image/BuildOutput.md#glossary-ccompiler\C compiler]8;;\: gcc (linux, x86_64, 11.3.0)
 ]8;;https://github.com/oracle/graal/blob/master/docs/reference-manual/native-image/BuildOutput.md#glossary-gc\Garbage collector]8;;\: Serial GC
[0;34m[2/7] [0m[1;34m]8;;https://github.com/oracle/graal/blob/master/docs/reference-manual/native-image/BuildOutput.md#stage-analysis\Performing analysis]8;;\...[0m  [2m[********][0m                                                                [2m(55.0s @ 2.03GB)[0m
  10,205 (87.96%) of 11,602 classes ]8;;https://github.com/oracle/graal/blob/master/docs/reference-manual/native-image/BuildOutput.md#glossary-reachability\reachable]8;;\
  17,566 (65.59%) of 26,782 fields ]8;;https://github.com/oracle/graal/blob/master/docs/reference-manual/native-image/BuildOutput.md#glossary-reachability\reachable]8;;\
  47,522 (57.36%) of 82,855 methods ]8;;https://github.com/oracle/graal/blob/master/docs/reference-manual/native-image/BuildOutput.md#glossary-reachability\reachable]8;;\
     425 classes,    35 fields, and 1,841 methods ]8;;https://github.com/oracle/graal/blob/master/docs/reference-manual/native-image/BuildOutput.md#glossary-reflection-registrations\registered for reflection]8;;\
      70 classes,    88 fields, and    59 methods ]8;;https://github.com/oracle/graal/blob/master/docs/reference-manual/native-image/BuildOutput.md#glossary-jni-access-registrations\registered for JNI access]8;;\
       7 native libraries: dl, m, pthread, rt, stdc++, z
[0;34m[3/7] [0m[1;34m]8;;https://github.com/oracle/graal/blob/master/docs/reference-manual/native-image/BuildOutput.md#stage-universe\Building universe]8;;\...[0m                                                                               [2m(8.2s @ 2.44GB)[0m
[0;34m[4/7] [0m[1;34m]8;;https://github.com/oracle/graal/blob/master/docs/reference-manual/native-image/BuildOutput.md#stage-parsing\Parsing methods]8;;\...[0m      [2m[***][0m                                                                      [2m(7.4s @ 2.39GB)[0m
[0;34m[5/7] [0m[1;34m]8;;https://github.com/oracle/graal/blob/master/docs/reference-manual/native-image/BuildOutput.md#stage-inlining\Inlining methods]8;;\...[0m     [2m[***][0m                                                                      [2m(3.6s @ 2.35GB)[0m
[0;34m[6/7] [0m[1;34m]8;;https://github.com/oracle/graal/blob/master/docs/reference-manual/native-image/BuildOutput.md#stage-compiling\Compiling methods]8;;\...[0m    [2m[******][0m                                                                  [2m(41.5s @ 2.04GB)[0m
[0;34m[7/7] [0m[1;34m]8;;https://github.com/oracle/graal/blob/master/docs/reference-manual/native-image/BuildOutput.md#stage-creating\Creating image]8;;\...[0m                                                                                  [2m(6.4s @ 2.38GB)[0m
  22.68MB (48.03%) for ]8;;https://github.com/oracle/graal/blob/master/docs/reference-manual/native-image/BuildOutput.md#glossary-code-area\code area]8;;\:    30,712 compilation units
  22.16MB (46.91%) for ]8;;https://github.com/oracle/graal/blob/master/docs/reference-manual/native-image/BuildOutput.md#glossary-image-heap\image heap]8;;\:  262,174 objects and 95 resources
   2.39MB ( 5.06%) for ]8;;https://github.com/oracle/graal/blob/master/docs/reference-manual/native-image/BuildOutput.md#glossary-other-data\other data]8;;\
  47.23MB in total
[2m------------------------------------------------------------------------------------------------------------------------[0m
[1;33mTop 10 packages in code area:                               Top 10 object types in image heap:[0m
   1.52MB sun.security.ssl                                     4.87MB byte[] for ]8;;https://github.com/oracle/graal/blob/master/docs/reference-manual/native-image/BuildOutput.md#glossary-code-metadata\code metadata]8;;\
 939.12KB java.util                                            2.48MB java.lang.String
 673.11KB com.sun.crypto.provider                              2.38MB java.lang.Class
 636.31KB org.apache.tomcat.util.net                           2.23MB byte[] for ]8;;https://github.com/oracle/graal/blob/master/docs/reference-manual/native-image/BuildOutput.md#glossary-general-heap-data\general heap data]8;;\
 482.44KB sun.security.x509                                    1.86MB byte[] for java.lang.String
 439.52KB c.s.org.apache.xerces.internal.impl.xs.traversers  956.72KB com.oracle.svm.core.hub.DynamicHubCompanion
 430.14KB java.lang                                          912.77KB byte[] for ]8;;https://github.com/oracle/graal/blob/master/docs/reference-manual/native-image/BuildOutput.md#glossary-embedded-resources\embedded resources]8;;\
 419.73KB com.sun.org.apache.xerces.internal.impl            573.00KB java.util.HashMap$Node
 387.69KB java.util.concurrent                               513.10KB int[][]
 377.48KB java.io                                            491.99KB byte[] for ]8;;https://github.com/oracle/graal/blob/master/docs/reference-manual/native-image/BuildOutput.md#glossary-reflection-metadata\reflection metadata]8;;\
  16.26MB for 401 more packages                                4.26MB for 2158 more object types
[2m------------------------------------------------------------------------------------------------------------------------[0m
                        6.3s (4.6% of total time) in 46 ]8;;https://github.com/oracle/graal/blob/master/docs/reference-manual/native-image/BuildOutput.md#glossary-garbage-collections\GCs]8;;\ | ]8;;https://github.com/oracle/graal/blob/master/docs/reference-manual/native-image/BuildOutput.md#glossary-peak-rss\Peak RSS]8;;\: 3.58GB | ]8;;https://github.com/oracle/graal/blob/master/docs/reference-manual/native-image/BuildOutput.md#glossary-cpu-load\CPU load]8;;\: 3.28
[2m------------------------------------------------------------------------------------------------------------------------[0m
[1;33mProduced artifacts:[0m
 ]8;;file:///home/tcronin/src/springBootAdmin/client/build/native/nativeCompile/tecClient\/home/tcronin/src/springBootAdmin/client/build/native/nativeCompile/tecClient]8;;\[2m (executable)[0m
 ]8;;file:///home/tcronin/src/springBootAdmin/client/build/native/nativeCompile/tecClient.build_artifacts.txt\/home/tcronin/src/springBootAdmin/client/build/native/nativeCompile/tecClient.build_artifacts.txt]8;;\[2m (txt)[0m
[2m========================================================================================================================[0m
Finished generating '[1mtecClient[0m' in 2m 16s.
[0m[native-image-plugin] Native Image written to: /home/tcronin/src/springBootAdmin/client/build/native/nativeCompile

BUILD SUCCESSFUL in 2m 21s
5 actionable tasks: 5 executed
